# JRE version: OpenJDK Runtime Environment Temurin-17.0.6+10 (17.0.6+10) (build 17.0.6+10)
# Java VM: OpenJDK 64-Bit Server VM Temurin-17.0.6+10 (17.0.6+10, mixed mode, tiered, compressed oops, compressed class ptrs, g1 gc, windows-amd64)
GC Precious Log:
 CPUs: 16 total, 16 available
 Memory: 32157M
 Large Page Support: Disabled
 NUMA Support: Disabled
 Compressed Oops: Enabled (Zero based)
 Heap Region Size: 4M
 Heap Min Capacity: 8M
 Heap Initial Capacity: 504M
 Heap Max Capacity: 8040M
 Pre-touch: Disabled
 Parallel Workers: 13
 Concurrent Workers: 3
 Concurrent Refinement Workers: 13
 Periodic GC: Disabled
Heap:
 garbage-first heap   total 180224K, used 110214K [0x0000000609800000, 0x0000000800000000)
  region size 4096K, 2 young (8192K), 2 survivors (8192K)
 Metaspace       used 63941K, committed 64896K, reserved 1114112K
  class space    used 7292K, committed 7744K, reserved 1048576K
GC Heap History (20 events):
Event: 3.628 GC heap after
{Heap after GC invocations=14 (full 0):
 garbage-first heap   total 81920K, used 59174K [0x0000000609800000, 0x0000000800000000)
  region size 4096K, 1 young (4096K), 1 survivors (4096K)
 Metaspace       used 62068K, committed 62976K, reserved 1105920K
  class space    used 7138K, committed 7552K, reserved 1048576K
}
Event: 4.155 GC heap before
{Heap before GC invocations=14 (full 0):
 garbage-first heap   total 81920K, used 59174K [0x0000000609800000, 0x0000000800000000)
  region size 4096K, 2 young (8192K), 1 survivors (4096K)
 Metaspace       used 62191K, committed 63104K, reserved 1105920K
  class space    used 7142K, committed 7552K, reserved 1048576K
}
Event: 4.156 GC heap after
{Heap after GC invocations=15 (full 0):
 garbage-first heap   total 81920K, used 59715K [0x0000000609800000, 0x0000000800000000)
  region size 4096K, 1 young (4096K), 1 survivors (4096K)
 Metaspace       used 62191K, committed 63104K, reserved 1105920K
  class space    used 7142K, committed 7552K, reserved 1048576K
}
Event: 4.167 GC heap before
{Heap before GC invocations=16 (full 0):
 garbage-first heap   total 118784K, used 63811K [0x0000000609800000, 0x0000000800000000)
  region size 4096K, 2 young (8192K), 1 survivors (4096K)
 Metaspace       used 62192K, committed 63104K, reserved 1105920K
  class space    used 7142K, committed 7552K, reserved 1048576K
}
Event: 4.168 GC heap after
{Heap after GC invocations=17 (full 0):
 garbage-first heap   total 118784K, used 63996K [0x0000000609800000, 0x0000000800000000)
  region size 4096K, 1 young (4096K), 1 survivors (4096K)
 Metaspace       used 62192K, committed 63104K, reserved 1105920K
  class space    used 7142K, committed 7552K, reserved 1048576K
}
Event: 4.170 GC heap before
{Heap before GC invocations=17 (full 0):
 garbage-first heap   total 118784K, used 63996K [0x0000000609800000, 0x0000000800000000)
  region size 4096K, 2 young (8192K), 1 survivors (4096K)
 Metaspace       used 62192K, committed 63104K, reserved 1105920K
  class space    used 7142K, committed 7552K, reserved 1048576K
}
Event: 4.170 GC heap after
{Heap after GC invocations=18 (full 0):
 garbage-first heap   total 118784K, used 63827K [0x0000000609800000, 0x0000000800000000)
  region size 4096K, 1 young (4096K), 1 survivors (4096K)
 Metaspace       used 62192K, committed 63104K, reserved 1105920K
  class space    used 7142K, committed 7552K, reserved 1048576K
}
Event: 5.118 GC heap before
{Heap before GC invocations=19 (full 0):
 garbage-first heap   total 131072K, used 104787K [0x0000000609800000, 0x0000000800000000)
  region size 4096K, 8 young (32768K), 1 survivors (4096K)
 Metaspace       used 63531K, committed 64448K, reserved 1105920K
  class space    used 7263K, committed 7680K, reserved 1048576K
}
Event: 5.119 GC heap after
{Heap after GC invocations=20 (full 0):
 garbage-first heap   total 131072K, used 81391K [0x0000000609800000, 0x0000000800000000)
  region size 4096K, 1 young (4096K), 1 survivors (4096K)
 Metaspace       used 63531K, committed 64448K, reserved 1105920K
  class space    used 7263K, committed 7680K, reserved 1048576K
}
Event: 5.147 GC heap before
{Heap before GC invocations=20 (full 0):
 garbage-first heap   total 131072K, used 85487K [0x0000000609800000, 0x0000000800000000)
  region size 4096K, 2 young (8192K), 1 survivors (4096K)
 Metaspace       used 63694K, committed 64576K, reserved 1105920K
  class space    used 7277K, committed 7680K, reserved 1048576K
}
Event: 5.149 GC heap after
{Heap after GC invocations=21 (full 0):
 garbage-first heap   total 131072K, used 81272K [0x0000000609800000, 0x0000000800000000)
  region size 4096K, 1 young (4096K), 1 survivors (4096K)
 Metaspace       used 63694K, committed 64576K, reserved 1105920K
  class space    used 7277K, committed 7680K, reserved 1048576K
}
Event: 5.215 GC heap before
{Heap before GC invocations=21 (full 0):
 garbage-first heap   total 131072K, used 101752K [0x0000000609800000, 0x0000000800000000)
  region size 4096K, 6 young (24576K), 1 survivors (4096K)
 Metaspace       used 63886K, committed 64768K, reserved 1105920K
  class space    used 7292K, committed 7744K, reserved 1048576K
}
Event: 5.217 GC heap after
{Heap after GC invocations=22 (full 0):
 garbage-first heap   total 131072K, used 83678K [0x0000000609800000, 0x0000000800000000)
  region size 4096K, 1 young (4096K), 1 survivors (4096K)
 Metaspace       used 63886K, committed 64768K, reserved 1105920K
  class space    used 7292K, committed 7744K, reserved 1048576K
}
Event: 5.254 GC heap before
{Heap before GC invocations=23 (full 0):
 garbage-first heap   total 159744K, used 104158K [0x0000000609800000, 0x0000000800000000)
  region size 4096K, 6 young (24576K), 1 survivors (4096K)
 Metaspace       used 63916K, committed 64832K, reserved 1114112K
  class space    used 7292K, committed 7744K, reserved 1048576K
}
Event: 5.257 GC heap after
{Heap after GC invocations=24 (full 0):
 garbage-first heap   total 159744K, used 88695K [0x0000000609800000, 0x0000000800000000)
  region size 4096K, 1 young (4096K), 1 survivors (4096K)
 Metaspace       used 63916K, committed 64832K, reserved 1114112K
  class space    used 7292K, committed 7744K, reserved 1048576K
}
Event: 5.346 GC heap before
{Heap before GC invocations=24 (full 0):
 garbage-first heap   total 159744K, used 125559K [0x0000000609800000, 0x0000000800000000)
  region size 4096K, 10 young (40960K), 1 survivors (4096K)
 Metaspace       used 63926K, committed 64832K, reserved 1114112K
  class space    used 7292K, committed 7744K, reserved 1048576K
}
Event: 5.350 GC heap after
{Heap after GC invocations=25 (full 0):
 garbage-first heap   total 159744K, used 96023K [0x0000000609800000, 0x0000000800000000)
  region size 4096K, 2 young (8192K), 2 survivors (8192K)
 Metaspace       used 63926K, committed 64832K, reserved 1114112K
  class space    used 7292K, committed 7744K, reserved 1048576K
}
Event: 5.433 GC heap before
{Heap before GC invocations=26 (full 0):
 garbage-first heap   total 180224K, used 124695K [0x0000000609800000, 0x0000000800000000)
  region size 4096K, 9 young (36864K), 2 survivors (8192K)
 Metaspace       used 63941K, committed 64896K, reserved 1114112K
  class space    used 7292K, committed 7744K, reserved 1048576K
}
Event: 5.437 GC heap after
{Heap after GC invocations=27 (full 0):
 garbage-first heap   total 180224K, used 99628K [0x0000000609800000, 0x0000000800000000)
  region size 4096K, 1 young (4096K), 1 survivors (4096K)
 Metaspace       used 63941K, committed 64896K, reserved 1114112K
  class space    used 7292K, committed 7744K, reserved 1048576K
}
Event: 5.509 GC heap before
{Heap before GC invocations=27 (full 0):
 garbage-first heap   total 180224K, used 136492K [0x0000000609800000, 0x0000000800000000)
  region size 4096K, 10 young (40960K), 1 survivors (4096K)
 Metaspace       used 63941K, committed 64896K, reserved 1114112K
  class space    used 7292K, committed 7744K, reserved 1048576K
}

