# JRE version: OpenJDK Runtime Environment Temurin-17.0.6+10 (17.0.6+10) (build 17.0.6+10)
# Java VM: OpenJDK 64-Bit Server VM Temurin-17.0.6+10 (17.0.6+10, mixed mode, tiered, compressed oops, compressed class ptrs, g1 gc, windows-amd64)
GC Precious Log:
 CPUs: 16 total, 16 available
 Memory: 32157M
 Large Page Support: Disabled
 NUMA Support: Disabled
 Compressed Oops: Enabled (Zero based)
 Heap Region Size: 4M
 Heap Min Capacity: 8M
 Heap Initial Capacity: 504M
 Heap Max Capacity: 8040M
 Pre-touch: Disabled
 Parallel Workers: 13
 Concurrent Workers: 3
 Concurrent Refinement Workers: 13
 Periodic GC: Disabled
Heap:
 garbage-first heap   total 307200K, used 96055K [0x0000000609800000, 0x0000000800000000)
  region size 4096K, 3 young (12288K), 3 survivors (12288K)
 Metaspace       used 64664K, committed 65536K, reserved 1114112K
  class space    used 7334K, committed 7744K, reserved 1048576K
GC Heap History (20 events):
Event: 2.562 GC heap after
{Heap after GC invocations=10 (full 0):
 garbage-first heap   total 81920K, used 30790K [0x0000000609800000, 0x0000000800000000)
  region size 4096K, 2 young (8192K), 2 survivors (8192K)
 Metaspace       used 55447K, committed 56256K, reserved 1105920K
  class space    used 6336K, committed 6720K, reserved 1048576K
}
Event: 2.858 GC heap before
{Heap before GC invocations=10 (full 0):
 garbage-first heap   total 81920K, used 34886K [0x0000000609800000, 0x0000000800000000)
  region size 4096K, 5 young (20480K), 2 survivors (8192K)
 Metaspace       used 59688K, committed 60480K, reserved 1105920K
  class space    used 6835K, committed 7232K, reserved 1048576K
}
Event: 2.860 GC heap after
{Heap after GC invocations=11 (full 0):
 garbage-first heap   total 81920K, used 32511K [0x0000000609800000, 0x0000000800000000)
  region size 4096K, 1 young (4096K), 1 survivors (4096K)
 Metaspace       used 59688K, committed 60480K, reserved 1105920K
  class space    used 6835K, committed 7232K, reserved 1048576K
}
Event: 3.165 GC heap before
{Heap before GC invocations=12 (full 0):
 garbage-first heap   total 81920K, used 48895K [0x0000000609800000, 0x0000000800000000)
  region size 4096K, 5 young (20480K), 1 survivors (4096K)
 Metaspace       used 62107K, committed 62976K, reserved 1105920K
  class space    used 7146K, committed 7552K, reserved 1048576K
}
Event: 3.166 GC heap after
{Heap after GC invocations=13 (full 0):
 garbage-first heap   total 81920K, used 38340K [0x0000000609800000, 0x0000000800000000)
  region size 4096K, 1 young (4096K), 1 survivors (4096K)
 Metaspace       used 62107K, committed 62976K, reserved 1105920K
  class space    used 7146K, committed 7552K, reserved 1048576K
}
Event: 3.184 GC heap before
{Heap before GC invocations=13 (full 0):
 garbage-first heap   total 81920K, used 42436K [0x0000000609800000, 0x0000000800000000)
  region size 4096K, 2 young (8192K), 1 survivors (4096K)
 Metaspace       used 62109K, committed 62976K, reserved 1105920K
  class space    used 7146K, committed 7552K, reserved 1048576K
}
Event: 3.185 GC heap after
{Heap after GC invocations=14 (full 0):
 garbage-first heap   total 81920K, used 42566K [0x0000000609800000, 0x0000000800000000)
  region size 4096K, 1 young (4096K), 1 survivors (4096K)
 Metaspace       used 62109K, committed 62976K, reserved 1105920K
  class space    used 7146K, committed 7552K, reserved 1048576K
}
Event: 3.201 GC heap before
{Heap before GC invocations=15 (full 0):
 garbage-first heap   total 90112K, used 46662K [0x0000000609800000, 0x0000000800000000)
  region size 4096K, 2 young (8192K), 1 survivors (4096K)
 Metaspace       used 62109K, committed 62976K, reserved 1105920K
  class space    used 7146K, committed 7552K, reserved 1048576K
}
Event: 3.202 GC heap after
{Heap after GC invocations=16 (full 0):
 garbage-first heap   total 90112K, used 46637K [0x0000000609800000, 0x0000000800000000)
  region size 4096K, 1 young (4096K), 1 survivors (4096K)
 Metaspace       used 62109K, committed 62976K, reserved 1105920K
  class space    used 7146K, committed 7552K, reserved 1048576K
}
Event: 3.218 GC heap before
{Heap before GC invocations=17 (full 0):
 garbage-first heap   total 98304K, used 50733K [0x0000000609800000, 0x0000000800000000)
  region size 4096K, 2 young (8192K), 1 survivors (4096K)
 Metaspace       used 62109K, committed 62976K, reserved 1105920K
  class space    used 7146K, committed 7552K, reserved 1048576K
}
Event: 3.219 GC heap after
{Heap after GC invocations=18 (full 0):
 garbage-first heap   total 307200K, used 50684K [0x0000000609800000, 0x0000000800000000)
  region size 4096K, 1 young (4096K), 1 survivors (4096K)
 Metaspace       used 62109K, committed 62976K, reserved 1105920K
  class space    used 7146K, committed 7552K, reserved 1048576K
}
Event: 5.283 GC heap before
{Heap before GC invocations=18 (full 0):
 garbage-first heap   total 307200K, used 259580K [0x0000000609800000, 0x0000000800000000)
  region size 4096K, 45 young (184320K), 1 survivors (4096K)
 Metaspace       used 63884K, committed 64768K, reserved 1105920K
  class space    used 7297K, committed 7744K, reserved 1048576K
}
Event: 5.289 GC heap after
{Heap after GC invocations=19 (full 0):
 garbage-first heap   total 307200K, used 94626K [0x0000000609800000, 0x0000000800000000)
  region size 4096K, 5 young (20480K), 5 survivors (20480K)
 Metaspace       used 63884K, committed 64768K, reserved 1105920K
  class space    used 7297K, committed 7744K, reserved 1048576K
}
Event: 5.651 GC heap before
{Heap before GC invocations=19 (full 0):
 garbage-first heap   total 307200K, used 237986K [0x0000000609800000, 0x0000000800000000)
  region size 4096K, 40 young (163840K), 5 survivors (20480K)
 Metaspace       used 64473K, committed 65344K, reserved 1114112K
  class space    used 7334K, committed 7744K, reserved 1048576K
}
Event: 5.655 GC heap after
{Heap after GC invocations=20 (full 0):
 garbage-first heap   total 307200K, used 88611K [0x0000000609800000, 0x0000000800000000)
  region size 4096K, 2 young (8192K), 2 survivors (8192K)
 Metaspace       used 64473K, committed 65344K, reserved 1114112K
  class space    used 7334K, committed 7744K, reserved 1048576K
}
Event: 5.887 GC heap before
{Heap before GC invocations=20 (full 0):
 garbage-first heap   total 307200K, used 240163K [0x0000000609800000, 0x0000000800000000)
  region size 4096K, 39 young (159744K), 2 survivors (8192K)
 Metaspace       used 64481K, committed 65344K, reserved 1114112K
  class space    used 7334K, committed 7744K, reserved 1048576K
}
Event: 5.890 GC heap after
{Heap after GC invocations=21 (full 0):
 garbage-first heap   total 307200K, used 94845K [0x0000000609800000, 0x0000000800000000)
  region size 4096K, 3 young (12288K), 3 survivors (12288K)
 Metaspace       used 64481K, committed 65344K, reserved 1114112K
  class space    used 7334K, committed 7744K, reserved 1048576K
}
Event: 6.179 GC heap before
{Heap before GC invocations=21 (full 0):
 garbage-first heap   total 307200K, used 246397K [0x0000000609800000, 0x0000000800000000)
  region size 4096K, 40 young (163840K), 3 survivors (12288K)
 Metaspace       used 64560K, committed 65408K, reserved 1114112K
  class space    used 7334K, committed 7744K, reserved 1048576K
}
Event: 6.182 GC heap after
{Heap after GC invocations=22 (full 0):
 garbage-first heap   total 307200K, used 92423K [0x0000000609800000, 0x0000000800000000)
  region size 4096K, 2 young (8192K), 2 survivors (8192K)
 Metaspace       used 64560K, committed 65408K, reserved 1114112K
  class space    used 7334K, committed 7744K, reserved 1048576K
}
Event: 6.400 GC heap before
{Heap before GC invocations=22 (full 0):
 garbage-first heap   total 307200K, used 243975K [0x0000000609800000, 0x0000000800000000)
  region size 4096K, 39 young (159744K), 2 survivors (8192K)
 Metaspace       used 64664K, committed 65536K, reserved 1114112K
  class space    used 7334K, committed 7744K, reserved 1048576K
}

