# JRE version: OpenJDK Runtime Environment Temurin-17.0.6+10 (17.0.6+10) (build 17.0.6+10)
# Java VM: OpenJDK 64-Bit Server VM Temurin-17.0.6+10 (17.0.6+10, mixed mode, tiered, compressed oops, compressed class ptrs, g1 gc, windows-amd64)
GC Precious Log:
 CPUs: 16 total, 16 available
 Memory: 32157M
 Large Page Support: Disabled
 NUMA Support: Disabled
 Compressed Oops: Enabled (Zero based)
 Heap Region Size: 4M
 Heap Min Capacity: 8M
 Heap Initial Capacity: 504M
 Heap Max Capacity: 8040M
 Pre-touch: Disabled
 Parallel Workers: 13
 Concurrent Workers: 3
 Concurrent Refinement Workers: 13
 Periodic GC: Disabled
Heap:
 garbage-first heap   total 319488K, used 171922K [0x0000000609800000, 0x0000000800000000)
  region size 4096K, 20 young (81920K), 1 survivors (4096K)
 Metaspace       used 64305K, committed 65216K, reserved 1114112K
  class space    used 7300K, committed 7744K, reserved 1048576K
GC Heap History (20 events):
Event: 3.628 GC heap before
{Heap before GC invocations=18 (full 0):
 garbage-first heap   total 102400K, used 84634K [0x0000000609800000, 0x0000000800000000)
  region size 4096K, 2 young (8192K), 1 survivors (4096K)
 Metaspace       used 62052K, committed 62912K, reserved 1105920K
  class space    used 7124K, committed 7552K, reserved 1048576K
}
Event: 3.628 GC heap after
{Heap after GC invocations=19 (full 0):
 garbage-first heap   total 102400K, used 80661K [0x0000000609800000, 0x0000000800000000)
  region size 4096K, 1 young (4096K), 1 survivors (4096K)
 Metaspace       used 62052K, committed 62912K, reserved 1105920K
  class space    used 7124K, committed 7552K, reserved 1048576K
}
Event: 3.789 GC heap before
{Heap before GC invocations=20 (full 0):
 garbage-first heap   total 151552K, used 80661K [0x0000000609800000, 0x0000000800000000)
  region size 4096K, 2 young (8192K), 1 survivors (4096K)
 Metaspace       used 62637K, committed 63424K, reserved 1105920K
  class space    used 7177K, committed 7552K, reserved 1048576K
}
Event: 3.790 GC heap after
{Heap after GC invocations=21 (full 0):
 garbage-first heap   total 151552K, used 81179K [0x0000000609800000, 0x0000000800000000)
  region size 4096K, 1 young (4096K), 1 survivors (4096K)
 Metaspace       used 62637K, committed 63424K, reserved 1105920K
  class space    used 7177K, committed 7552K, reserved 1048576K
}
Event: 5.034 GC heap before
{Heap before GC invocations=21 (full 0):
 garbage-first heap   total 151552K, used 118043K [0x0000000609800000, 0x0000000800000000)
  region size 4096K, 10 young (40960K), 1 survivors (4096K)
 Metaspace       used 63646K, committed 64512K, reserved 1105920K
  class space    used 7262K, committed 7680K, reserved 1048576K
}
Event: 5.037 GC heap after
{Heap after GC invocations=22 (full 0):
 garbage-first heap   total 151552K, used 84291K [0x0000000609800000, 0x0000000800000000)
  region size 4096K, 1 young (4096K), 1 survivors (4096K)
 Metaspace       used 63646K, committed 64512K, reserved 1105920K
  class space    used 7262K, committed 7680K, reserved 1048576K
}
Event: 5.151 GC heap before
{Heap before GC invocations=23 (full 0):
 garbage-first heap   total 159744K, used 121155K [0x0000000609800000, 0x0000000800000000)
  region size 4096K, 10 young (40960K), 1 survivors (4096K)
 Metaspace       used 63715K, committed 64640K, reserved 1114112K
  class space    used 7265K, committed 7680K, reserved 1048576K
}
Event: 5.156 GC heap after
{Heap after GC invocations=24 (full 0):
 garbage-first heap   total 159744K, used 96181K [0x0000000609800000, 0x0000000800000000)
  region size 4096K, 2 young (8192K), 2 survivors (8192K)
 Metaspace       used 63715K, committed 64640K, reserved 1114112K
  class space    used 7265K, committed 7680K, reserved 1048576K
}
Event: 5.186 GC heap before
{Heap before GC invocations=24 (full 0):
 garbage-first heap   total 159744K, used 120757K [0x0000000609800000, 0x0000000800000000)
  region size 4096K, 8 young (32768K), 2 survivors (8192K)
 Metaspace       used 63722K, committed 64640K, reserved 1114112K
  class space    used 7265K, committed 7680K, reserved 1048576K
}
Event: 5.189 GC heap after
{Heap after GC invocations=25 (full 0):
 garbage-first heap   total 159744K, used 92597K [0x0000000609800000, 0x0000000800000000)
  region size 4096K, 1 young (4096K), 1 survivors (4096K)
 Metaspace       used 63722K, committed 64640K, reserved 1114112K
  class space    used 7265K, committed 7680K, reserved 1048576K
}
Event: 5.258 GC heap before
{Heap before GC invocations=26 (full 0):
 garbage-first heap   total 163840K, used 117173K [0x0000000609800000, 0x0000000800000000)
  region size 4096K, 8 young (32768K), 1 survivors (4096K)
 Metaspace       used 63733K, committed 64640K, reserved 1114112K
  class space    used 7266K, committed 7680K, reserved 1048576K
}
Event: 5.259 GC heap after
{Heap after GC invocations=27 (full 0):
 garbage-first heap   total 163840K, used 90098K [0x0000000609800000, 0x0000000800000000)
  region size 4096K, 1 young (4096K), 1 survivors (4096K)
 Metaspace       used 63733K, committed 64640K, reserved 1114112K
  class space    used 7266K, committed 7680K, reserved 1048576K
}
Event: 5.313 GC heap before
{Heap before GC invocations=27 (full 0):
 garbage-first heap   total 163840K, used 126962K [0x0000000609800000, 0x0000000800000000)
  region size 4096K, 10 young (40960K), 1 survivors (4096K)
 Metaspace       used 63733K, committed 64640K, reserved 1114112K
  class space    used 7266K, committed 7680K, reserved 1048576K
}
Event: 5.317 GC heap after
{Heap after GC invocations=28 (full 0):
 garbage-first heap   total 163840K, used 100573K [0x0000000609800000, 0x0000000800000000)
  region size 4096K, 2 young (8192K), 2 survivors (8192K)
 Metaspace       used 63733K, committed 64640K, reserved 1114112K
  class space    used 7266K, committed 7680K, reserved 1048576K
}
Event: 5.367 GC heap before
{Heap before GC invocations=29 (full 0):
 garbage-first heap   total 200704K, used 125149K [0x0000000609800000, 0x0000000800000000)
  region size 4096K, 8 young (32768K), 2 survivors (8192K)
 Metaspace       used 63749K, committed 64640K, reserved 1114112K
  class space    used 7266K, committed 7680K, reserved 1048576K
}
Event: 5.369 GC heap after
{Heap after GC invocations=30 (full 0):
 garbage-first heap   total 200704K, used 95700K [0x0000000609800000, 0x0000000800000000)
  region size 4096K, 1 young (4096K), 1 survivors (4096K)
 Metaspace       used 63749K, committed 64640K, reserved 1114112K
  class space    used 7266K, committed 7680K, reserved 1048576K
}
Event: 5.554 GC heap before
{Heap before GC invocations=30 (full 0):
 garbage-first heap   total 200704K, used 153044K [0x0000000609800000, 0x0000000800000000)
  region size 4096K, 15 young (61440K), 1 survivors (4096K)
 Metaspace       used 64286K, committed 65216K, reserved 1114112K
  class space    used 7299K, committed 7744K, reserved 1048576K
}
Event: 5.556 GC heap after
{Heap after GC invocations=31 (full 0):
 garbage-first heap   total 319488K, used 96407K [0x0000000609800000, 0x0000000800000000)
  region size 4096K, 1 young (4096K), 1 survivors (4096K)
 Metaspace       used 64286K, committed 65216K, reserved 1114112K
  class space    used 7299K, committed 7744K, reserved 1048576K
}
Event: 5.836 GC heap before
{Heap before GC invocations=32 (full 0):
 garbage-first heap   total 319488K, used 247959K [0x0000000609800000, 0x0000000800000000)
  region size 4096K, 38 young (155648K), 1 survivors (4096K)
 Metaspace       used 64303K, committed 65216K, reserved 1114112K
  class space    used 7300K, committed 7744K, reserved 1048576K
}
Event: 5.837 GC heap after
{Heap after GC invocations=33 (full 0):
 garbage-first heap   total 319488K, used 98194K [0x0000000609800000, 0x0000000800000000)
  region size 4096K, 1 young (4096K), 1 survivors (4096K)
 Metaspace       used 64303K, committed 65216K, reserved 1114112K
  class space    used 7300K, committed 7744K, reserved 1048576K
}

