# JRE version: OpenJDK Runtime Environment Temurin-17.0.6+10 (17.0.6+10) (build 17.0.6+10)
# Java VM: OpenJDK 64-Bit Server VM Temurin-17.0.6+10 (17.0.6+10, mixed mode, tiered, compressed oops, compressed class ptrs, g1 gc, windows-amd64)
GC Precious Log:
 CPUs: 16 total, 16 available
 Memory: 32157M
 Large Page Support: Disabled
 NUMA Support: Disabled
 Compressed Oops: Enabled (Zero based)
 Heap Region Size: 4M
 Heap Min Capacity: 8M
 Heap Initial Capacity: 504M
 Heap Max Capacity: 8040M
 Pre-touch: Disabled
 Parallel Workers: 13
 Concurrent Workers: 3
 Concurrent Refinement Workers: 13
 Periodic GC: Disabled
Heap:
 garbage-first heap   total 380928K, used 80039K [0x0000000609800000, 0x0000000800000000)
  region size 4096K, 3 young (12288K), 3 survivors (12288K)
 Metaspace       used 70643K, committed 71616K, reserved 1114112K
  class space    used 7838K, committed 8320K, reserved 1048576K
GC Heap History (20 events):
Event: 37.732 GC heap after
{Heap after GC invocations=24 (full 0):
 garbage-first heap   total 380928K, used 73205K [0x0000000609800000, 0x0000000800000000)
  region size 4096K, 2 young (8192K), 2 survivors (8192K)
 Metaspace       used 67980K, committed 68864K, reserved 1114112K
  class space    used 7592K, committed 8000K, reserved 1048576K
}
Event: 37.973 GC heap before
{Heap before GC invocations=24 (full 0):
 garbage-first heap   total 380928K, used 286197K [0x0000000609800000, 0x0000000800000000)
  region size 4096K, 55 young (225280K), 2 survivors (8192K)
 Metaspace       used 67980K, committed 68864K, reserved 1114112K
  class space    used 7592K, committed 8000K, reserved 1048576K
}
Event: 37.975 GC heap after
{Heap after GC invocations=25 (full 0):
 garbage-first heap   total 380928K, used 73085K [0x0000000609800000, 0x0000000800000000)
  region size 4096K, 2 young (8192K), 2 survivors (8192K)
 Metaspace       used 67980K, committed 68864K, reserved 1114112K
  class space    used 7592K, committed 8000K, reserved 1048576K
}
Event: 38.128 GC heap before
{Heap before GC invocations=25 (full 0):
 garbage-first heap   total 380928K, used 286077K [0x0000000609800000, 0x0000000800000000)
  region size 4096K, 55 young (225280K), 2 survivors (8192K)
 Metaspace       used 67980K, committed 68864K, reserved 1114112K
  class space    used 7592K, committed 8000K, reserved 1048576K
}
Event: 38.129 GC heap after
{Heap after GC invocations=26 (full 0):
 garbage-first heap   total 380928K, used 73375K [0x0000000609800000, 0x0000000800000000)
  region size 4096K, 2 young (8192K), 2 survivors (8192K)
 Metaspace       used 67980K, committed 68864K, reserved 1114112K
  class space    used 7592K, committed 8000K, reserved 1048576K
}
Event: 38.288 GC heap before
{Heap before GC invocations=26 (full 0):
 garbage-first heap   total 380928K, used 286367K [0x0000000609800000, 0x0000000800000000)
  region size 4096K, 55 young (225280K), 2 survivors (8192K)
 Metaspace       used 67980K, committed 68864K, reserved 1114112K
  class space    used 7592K, committed 8000K, reserved 1048576K
}
Event: 38.289 GC heap after
{Heap after GC invocations=27 (full 0):
 garbage-first heap   total 380928K, used 73365K [0x0000000609800000, 0x0000000800000000)
  region size 4096K, 2 young (8192K), 2 survivors (8192K)
 Metaspace       used 67980K, committed 68864K, reserved 1114112K
  class space    used 7592K, committed 8000K, reserved 1048576K
}
Event: 38.903 GC heap before
{Heap before GC invocations=27 (full 0):
 garbage-first heap   total 380928K, used 286357K [0x0000000609800000, 0x0000000800000000)
  region size 4096K, 55 young (225280K), 2 survivors (8192K)
 Metaspace       used 68020K, committed 68928K, reserved 1114112K
  class space    used 7594K, committed 8000K, reserved 1048576K
}
Event: 38.904 GC heap after
{Heap after GC invocations=28 (full 0):
 garbage-first heap   total 380928K, used 73525K [0x0000000609800000, 0x0000000800000000)
  region size 4096K, 2 young (8192K), 2 survivors (8192K)
 Metaspace       used 68020K, committed 68928K, reserved 1114112K
  class space    used 7594K, committed 8000K, reserved 1048576K
}
Event: 39.382 GC heap before
{Heap before GC invocations=28 (full 0):
 garbage-first heap   total 380928K, used 290613K [0x0000000609800000, 0x0000000800000000)
  region size 4096K, 55 young (225280K), 2 survivors (8192K)
 Metaspace       used 70582K, committed 71552K, reserved 1114112K
  class space    used 7838K, committed 8320K, reserved 1048576K
}
Event: 39.386 GC heap after
{Heap after GC invocations=29 (full 0):
 garbage-first heap   total 380928K, used 78989K [0x0000000609800000, 0x0000000800000000)
  region size 4096K, 4 young (16384K), 4 survivors (16384K)
 Metaspace       used 70582K, committed 71552K, reserved 1114112K
  class space    used 7838K, committed 8320K, reserved 1048576K
}
Event: 39.446 GC heap before
{Heap before GC invocations=29 (full 0):
 garbage-first heap   total 380928K, used 287885K [0x0000000609800000, 0x0000000800000000)
  region size 4096K, 55 young (225280K), 4 survivors (16384K)
 Metaspace       used 70637K, committed 71616K, reserved 1114112K
  class space    used 7838K, committed 8320K, reserved 1048576K
}
Event: 39.448 GC heap after
{Heap after GC invocations=30 (full 0):
 garbage-first heap   total 380928K, used 79490K [0x0000000609800000, 0x0000000800000000)
  region size 4096K, 4 young (16384K), 4 survivors (16384K)
 Metaspace       used 70637K, committed 71616K, reserved 1114112K
  class space    used 7838K, committed 8320K, reserved 1048576K
}
Event: 39.488 GC heap before
{Heap before GC invocations=30 (full 0):
 garbage-first heap   total 380928K, used 288386K [0x0000000609800000, 0x0000000800000000)
  region size 4096K, 55 young (225280K), 4 survivors (16384K)
 Metaspace       used 70643K, committed 71616K, reserved 1114112K
  class space    used 7838K, committed 8320K, reserved 1048576K
}
Event: 39.491 GC heap after
{Heap after GC invocations=31 (full 0):
 garbage-first heap   total 380928K, used 80247K [0x0000000609800000, 0x0000000800000000)
  region size 4096K, 4 young (16384K), 4 survivors (16384K)
 Metaspace       used 70643K, committed 71616K, reserved 1114112K
  class space    used 7838K, committed 8320K, reserved 1048576K
}
Event: 39.527 GC heap before
{Heap before GC invocations=31 (full 0):
 garbage-first heap   total 380928K, used 289143K [0x0000000609800000, 0x0000000800000000)
  region size 4096K, 55 young (225280K), 4 survivors (16384K)
 Metaspace       used 70643K, committed 71616K, reserved 1114112K
  class space    used 7838K, committed 8320K, reserved 1048576K
}
Event: 39.530 GC heap after
{Heap after GC invocations=32 (full 0):
 garbage-first heap   total 380928K, used 80009K [0x0000000609800000, 0x0000000800000000)
  region size 4096K, 4 young (16384K), 4 survivors (16384K)
 Metaspace       used 70643K, committed 71616K, reserved 1114112K
  class space    used 7838K, committed 8320K, reserved 1048576K
}
Event: 39.562 GC heap before
{Heap before GC invocations=32 (full 0):
 garbage-first heap   total 380928K, used 288905K [0x0000000609800000, 0x0000000800000000)
  region size 4096K, 55 young (225280K), 4 survivors (16384K)
 Metaspace       used 70643K, committed 71616K, reserved 1114112K
  class space    used 7838K, committed 8320K, reserved 1048576K
}
Event: 39.566 GC heap after
{Heap after GC invocations=33 (full 0):
 garbage-first heap   total 380928K, used 80037K [0x0000000609800000, 0x0000000800000000)
  region size 4096K, 4 young (16384K), 4 survivors (16384K)
 Metaspace       used 70643K, committed 71616K, reserved 1114112K
  class space    used 7838K, committed 8320K, reserved 1048576K
}
Event: 39.590 GC heap before
{Heap before GC invocations=33 (full 0):
 garbage-first heap   total 380928K, used 288933K [0x0000000609800000, 0x0000000800000000)
  region size 4096K, 55 young (225280K), 4 survivors (16384K)
 Metaspace       used 70643K, committed 71616K, reserved 1114112K
  class space    used 7838K, committed 8320K, reserved 1048576K
}

